<html>
<head>
<title>TestNG:  Test</title>
<link href="../testng.css" rel="stylesheet" type="text/css" />
<link href="../my-testng.css" rel="stylesheet" type="text/css" />

<style type="text/css">
.log { display: none;} 
.stack-trace { display: none;} 
</style>
<script type="text/javascript">
<!--
function flip(e) {
  current = e.style.display;
  if (current == 'block') {
    e.style.display = 'none';
    return 0;
  }
  else {
    e.style.display = 'block';
    return 1;
  }
}

function toggleBox(szDivId, elem, msg1, msg2)
{
  var res = -1;  if (document.getElementById) {
    res = flip(document.getElementById(szDivId));
  }
  else if (document.all) {
    // this is the way old msie versions work
    res = flip(document.all[szDivId]);
  }
  if(elem) {
    if(res == 0) elem.innerHTML = msg1; else elem.innerHTML = msg2;
  }

}

function toggleAllBoxes() {
  if (document.getElementsByTagName) {
    d = document.getElementsByTagName('div');
    for (i = 0; i < d.length; i++) {
      if (d[i].className == 'log') {
        flip(d[i]);
      }
    }
  }
}

// -->
</script>

</head>
<body>
<h2 align='center'>Test</h2><table border='1' align="center">
<tr>
<td>Tests passed/Failed/Skipped:</td><td>18/1/0</td>
</tr><tr>
<td>Started on:</td><td>Tue Jun 23 17:15:29 MST 2020</td>
</tr>
<tr><td>Total time:</td><td>348 seconds (348729 ms)</td>
</tr><tr>
<td>Included groups:</td><td></td>
</tr><tr>
<td>Excluded groups:</td><td></td>
</tr>
</table><p/>
<small><i>(Hover the method name to see the test class name)</i></small><p/>
<table width='100%' border='1' class='invocation-failed'>
<tr><td colspan='4' align='center'><b>FAILED CONFIGURATIONS</b></td></tr>
<tr><td><b>Test method</b></td>
<td width="30%"><b>Exception</b></td>
<td width="10%"><b>Time (seconds)</b></td>
<td><b>Instance</b></td>
</tr>
<tr>
<td title='com.qa.testcases.TC_09_CallsPage.close()'><b>close</b><br>Test class: com.qa.testcases.TC_09_CallsPage</td>
<td><div><pre>org.openqa.selenium.NoSuchWindowException: no such window: target window already closed
from unknown error: web view not found
  (Session info: chrome=83.0.4103.116)
Build info: version: &apos;3.141.59&apos;, revision: &apos;e82be7d358&apos;, time: &apos;2018-11-14T08:17:03&apos;
System info: host: &apos;ABI&apos;, ip: &apos;192.168.56.1&apos;, os.name: &apos;Windows 10&apos;, os.arch: &apos;amd64&apos;, os.version: &apos;10.0&apos;, java.version: &apos;12.0.2&apos;
Driver info: org.openqa.selenium.chrome.ChromeDriver
Capabilities {acceptInsecureCerts: false, browserName: chrome, browserVersion: 83.0.4103.116, chrome: {chromedriverVersion: 83.0.4103.39 (ccbf011cb2d2b..., userDataDir: C:\Users\itsdi\AppData\Loca...}, goog:chromeOptions: {debuggerAddress: localhost:50091}, javascriptEnabled: true, networkConnectionEnabled: false, pageLoadStrategy: normal, platform: WINDOWS, platformName: WINDOWS, proxy: Proxy(), setWindowRect: true, strictFileInteractability: false, timeouts: {implicit: 0, pageLoad: 300000, script: 30000}, unhandledPromptBehavior: dismiss and notify, webauthn:virtualAuthenticators: true}
Session ID: c79d176a5c1346e3e426b378353ed5ec
	at org.openqa.selenium.remote.http.W3CHttpResponseCodec.createException(W3CHttpResponseCodec.java:187)
	at org.openqa.selenium.remote.http.W3CHttpResponseCodec.decode(W3CHttpResponseCodec.java:122)
	at org.openqa.selenium.remote.http.W3CHttpResponseCodec.decode(W3CHttpResponseCodec.java:49)
	at org.openqa.selenium.remote.HttpCommandExecutor.execute(HttpCommandExecutor.java:158)
	at org.openqa.selenium.remote.service.DriverCommandExecutor.execute(DriverCommandExecutor.java:83)
	at org.openqa.selenium.remote.RemoteWebDriver.execute(RemoteWebDriver.java:552)
	at org.openqa.selenium.remote.RemoteWebDriver.execute(RemoteWebDriver.java:609)
	at org.openqa.selenium.remote.RemoteWebDriver.getScreenshotAs(RemoteWebDriver.java:295)
	at com.qa.seleniumutils.seleniumutils.getScreenshot(seleniumutils.java:23)
	at com.qa.testcases.TC_09_CallsPage.close(TC_09_CallsPage.java:36)
	at java.base/java.util.concurrent.FutureTask.run(FutureTask.java:264)
	at java.base/java.util.concurrent.ThreadPoolExecutor.runWorker(ThreadPoolExecutor.java:1128)
	at java.base/java.util.concurrent.ThreadPoolExecutor$Worker.run(ThreadPoolExecutor.java:628)
	at java.base/java.lang.Thread.run(Thread.java:835)
... Removed 24 stack frames</pre></div><a href='#' onClick='toggleBox("stack-trace1167503851", this, "Click to show all stack frames", "Click to hide stack frames")'>Click to show all stack frames</a>
<div class='stack-trace' id='stack-trace1167503851'><pre>org.openqa.selenium.NoSuchWindowException: no such window: target window already closed
from unknown error: web view not found
  (Session info: chrome=83.0.4103.116)
Build info: version: &apos;3.141.59&apos;, revision: &apos;e82be7d358&apos;, time: &apos;2018-11-14T08:17:03&apos;
System info: host: &apos;ABI&apos;, ip: &apos;192.168.56.1&apos;, os.name: &apos;Windows 10&apos;, os.arch: &apos;amd64&apos;, os.version: &apos;10.0&apos;, java.version: &apos;12.0.2&apos;
Driver info: org.openqa.selenium.chrome.ChromeDriver
Capabilities {acceptInsecureCerts: false, browserName: chrome, browserVersion: 83.0.4103.116, chrome: {chromedriverVersion: 83.0.4103.39 (ccbf011cb2d2b..., userDataDir: C:\Users\itsdi\AppData\Loca...}, goog:chromeOptions: {debuggerAddress: localhost:50091}, javascriptEnabled: true, networkConnectionEnabled: false, pageLoadStrategy: normal, platform: WINDOWS, platformName: WINDOWS, proxy: Proxy(), setWindowRect: true, strictFileInteractability: false, timeouts: {implicit: 0, pageLoad: 300000, script: 30000}, unhandledPromptBehavior: dismiss and notify, webauthn:virtualAuthenticators: true}
Session ID: c79d176a5c1346e3e426b378353ed5ec
	at java.base/jdk.internal.reflect.NativeConstructorAccessorImpl.newInstance0(Native Method)
	at java.base/jdk.internal.reflect.NativeConstructorAccessorImpl.newInstance(NativeConstructorAccessorImpl.java:62)
	at java.base/jdk.internal.reflect.DelegatingConstructorAccessorImpl.newInstance(DelegatingConstructorAccessorImpl.java:45)
	at java.base/java.lang.reflect.Constructor.newInstanceWithCaller(Constructor.java:500)
	at java.base/java.lang.reflect.Constructor.newInstance(Constructor.java:481)
	at org.openqa.selenium.remote.http.W3CHttpResponseCodec.createException(W3CHttpResponseCodec.java:187)
	at org.openqa.selenium.remote.http.W3CHttpResponseCodec.decode(W3CHttpResponseCodec.java:122)
	at org.openqa.selenium.remote.http.W3CHttpResponseCodec.decode(W3CHttpResponseCodec.java:49)
	at org.openqa.selenium.remote.HttpCommandExecutor.execute(HttpCommandExecutor.java:158)
	at org.openqa.selenium.remote.service.DriverCommandExecutor.execute(DriverCommandExecutor.java:83)
	at org.openqa.selenium.remote.RemoteWebDriver.execute(RemoteWebDriver.java:552)
	at org.openqa.selenium.remote.RemoteWebDriver.execute(RemoteWebDriver.java:609)
	at org.openqa.selenium.remote.RemoteWebDriver.getScreenshotAs(RemoteWebDriver.java:295)
	at com.qa.seleniumutils.seleniumutils.getScreenshot(seleniumutils.java:23)
	at com.qa.testcases.TC_09_CallsPage.close(TC_09_CallsPage.java:36)
	at java.base/jdk.internal.reflect.NativeMethodAccessorImpl.invoke0(Native Method)
	at java.base/jdk.internal.reflect.NativeMethodAccessorImpl.invoke(NativeMethodAccessorImpl.java:62)
	at java.base/jdk.internal.reflect.DelegatingMethodAccessorImpl.invoke(DelegatingMethodAccessorImpl.java:43)
	at java.base/java.lang.reflect.Method.invoke(Method.java:567)
	at org.testng.internal.MethodInvocationHelper.invokeMethod(MethodInvocationHelper.java:124)
	at org.testng.internal.MethodInvocationHelper.invokeMethodConsideringTimeout(MethodInvocationHelper.java:59)
	at org.testng.internal.Invoker.invokeConfigurationMethod(Invoker.java:458)
	at org.testng.internal.Invoker.invokeConfigurations(Invoker.java:222)
	at org.testng.internal.Invoker.invokeMethod(Invoker.java:646)
	at org.testng.internal.Invoker.invokeTestMethod(Invoker.java:719)
	at org.testng.internal.Invoker.invokeTestMethods(Invoker.java:989)
	at org.testng.internal.TestMethodWorker.invokeTestMethods(TestMethodWorker.java:125)
	at org.testng.internal.TestMethodWorker.run(TestMethodWorker.java:109)
	at org.testng.TestRunner.privateRun(TestRunner.java:648)
	at org.testng.TestRunner.run(TestRunner.java:505)
	at org.testng.SuiteRunner.runTest(SuiteRunner.java:455)
	at org.testng.SuiteRunner.access$000(SuiteRunner.java:40)
	at org.testng.SuiteRunner$SuiteWorker.run(SuiteRunner.java:489)
	at org.testng.internal.thread.ThreadUtil$1.call(ThreadUtil.java:52)
	at java.base/java.util.concurrent.FutureTask.run(FutureTask.java:264)
	at java.base/java.util.concurrent.ThreadPoolExecutor.runWorker(ThreadPoolExecutor.java:1128)
	at java.base/java.util.concurrent.ThreadPoolExecutor$Worker.run(ThreadPoolExecutor.java:628)
	at java.base/java.lang.Thread.run(Thread.java:835)
</pre></div></td>
<td>0</td>
<td>com.qa.testcases.TC_09_CallsPage@76a2ddf3</td></tr>
</table><p>
<table width='100%' border='1' class='invocation-failed'>
<tr><td colspan='4' align='center'><b>FAILED TESTS</b></td></tr>
<tr><td><b>Test method</b></td>
<td width="30%"><b>Exception</b></td>
<td width="10%"><b>Time (seconds)</b></td>
<td><b>Instance</b></td>
</tr>
<tr>
<td title='com.qa.testcases.TC_09_CallsPage.callregister()'><b>callregister</b><br>Test class: com.qa.testcases.TC_09_CallsPage</td>
<td><div><pre>org.openqa.selenium.NoSuchElementException: Cannot locate an element using xpath=//div[@class=&apos;ui active visible fluid selection dropdown&apos;]
For documentation on this error, please visit: https://www.seleniumhq.org/exceptions/no_such_element.html
Build info: version: &apos;3.141.59&apos;, revision: &apos;e82be7d358&apos;, time: &apos;2018-11-14T08:17:03&apos;
System info: host: &apos;ABI&apos;, ip: &apos;192.168.56.1&apos;, os.name: &apos;Windows 10&apos;, os.arch: &apos;amd64&apos;, os.version: &apos;10.0&apos;, java.version: &apos;12.0.2&apos;
Driver info: driver.version: RemoteWebDriver
	at org.openqa.selenium.remote.RemoteWebDriver.findElement(RemoteWebDriver.java:327)
	at org.openqa.selenium.remote.RemoteWebDriver.findElementByXPath(RemoteWebDriver.java:428)
	at org.openqa.selenium.By$ByXPath.findElement(By.java:353)
	at org.openqa.selenium.remote.RemoteWebDriver.findElement(RemoteWebDriver.java:315)
	at org.openqa.selenium.support.pagefactory.DefaultElementLocator.findElement(DefaultElementLocator.java:69)
	at org.openqa.selenium.support.pagefactory.internal.LocatingElementHandler.invoke(LocatingElementHandler.java:38)
	at com.sun.proxy.$Proxy14.click(Unknown Source)
	at com.qa.pages.CallsPage.addcalldetails(CallsPage.java:53)
	at com.qa.testcases.TC_09_CallsPage.callregister(TC_09_CallsPage.java:29)
	at java.base/java.util.concurrent.FutureTask.run(FutureTask.java:264)
	at java.base/java.util.concurrent.ThreadPoolExecutor.runWorker(ThreadPoolExecutor.java:1128)
	at java.base/java.util.concurrent.ThreadPoolExecutor$Worker.run(ThreadPoolExecutor.java:628)
	at java.base/java.lang.Thread.run(Thread.java:835)
... Removed 16 stack frames</pre></div><a href='#' onClick='toggleBox("stack-trace1574839161", this, "Click to show all stack frames", "Click to hide stack frames")'>Click to show all stack frames</a>
<div class='stack-trace' id='stack-trace1574839161'><pre>org.openqa.selenium.NoSuchElementException: Cannot locate an element using xpath=//div[@class=&apos;ui active visible fluid selection dropdown&apos;]
For documentation on this error, please visit: https://www.seleniumhq.org/exceptions/no_such_element.html
Build info: version: &apos;3.141.59&apos;, revision: &apos;e82be7d358&apos;, time: &apos;2018-11-14T08:17:03&apos;
System info: host: &apos;ABI&apos;, ip: &apos;192.168.56.1&apos;, os.name: &apos;Windows 10&apos;, os.arch: &apos;amd64&apos;, os.version: &apos;10.0&apos;, java.version: &apos;12.0.2&apos;
Driver info: driver.version: RemoteWebDriver
	at org.openqa.selenium.remote.RemoteWebDriver.findElement(RemoteWebDriver.java:327)
	at org.openqa.selenium.remote.RemoteWebDriver.findElementByXPath(RemoteWebDriver.java:428)
	at org.openqa.selenium.By$ByXPath.findElement(By.java:353)
	at org.openqa.selenium.remote.RemoteWebDriver.findElement(RemoteWebDriver.java:315)
	at org.openqa.selenium.support.pagefactory.DefaultElementLocator.findElement(DefaultElementLocator.java:69)
	at org.openqa.selenium.support.pagefactory.internal.LocatingElementHandler.invoke(LocatingElementHandler.java:38)
	at com.sun.proxy.$Proxy14.click(Unknown Source)
	at com.qa.pages.CallsPage.addcalldetails(CallsPage.java:53)
	at com.qa.testcases.TC_09_CallsPage.callregister(TC_09_CallsPage.java:29)
	at java.base/jdk.internal.reflect.NativeMethodAccessorImpl.invoke0(Native Method)
	at java.base/jdk.internal.reflect.NativeMethodAccessorImpl.invoke(NativeMethodAccessorImpl.java:62)
	at java.base/jdk.internal.reflect.DelegatingMethodAccessorImpl.invoke(DelegatingMethodAccessorImpl.java:43)
	at java.base/java.lang.reflect.Method.invoke(Method.java:567)
	at org.testng.internal.MethodInvocationHelper.invokeMethod(MethodInvocationHelper.java:124)
	at org.testng.internal.Invoker.invokeMethod(Invoker.java:583)
	at org.testng.internal.Invoker.invokeTestMethod(Invoker.java:719)
	at org.testng.internal.Invoker.invokeTestMethods(Invoker.java:989)
	at org.testng.internal.TestMethodWorker.invokeTestMethods(TestMethodWorker.java:125)
	at org.testng.internal.TestMethodWorker.run(TestMethodWorker.java:109)
	at org.testng.TestRunner.privateRun(TestRunner.java:648)
	at org.testng.TestRunner.run(TestRunner.java:505)
	at org.testng.SuiteRunner.runTest(SuiteRunner.java:455)
	at org.testng.SuiteRunner.access$000(SuiteRunner.java:40)
	at org.testng.SuiteRunner$SuiteWorker.run(SuiteRunner.java:489)
	at org.testng.internal.thread.ThreadUtil$1.call(ThreadUtil.java:52)
	at java.base/java.util.concurrent.FutureTask.run(FutureTask.java:264)
	at java.base/java.util.concurrent.ThreadPoolExecutor.runWorker(ThreadPoolExecutor.java:1128)
	at java.base/java.util.concurrent.ThreadPoolExecutor$Worker.run(ThreadPoolExecutor.java:628)
	at java.base/java.lang.Thread.run(Thread.java:835)
</pre></div></td>
<td>46</td>
<td>com.qa.testcases.TC_09_CallsPage@76a2ddf3</td></tr>
</table><p>
<table width='100%' border='1' class='invocation-passed'>
<tr><td colspan='4' align='center'><b>PASSED TESTS</b></td></tr>
<tr><td><b>Test method</b></td>
<td width="30%"><b>Exception</b></td>
<td width="10%"><b>Time (seconds)</b></td>
<td><b>Instance</b></td>
</tr>
<tr>
<td title='com.qa.testcases.TC_04_ContactpageDDT.AddNewContacts()'><b>AddNewContacts</b><br>Test class: com.qa.testcases.TC_04_ContactpageDDT<br>Parameters: Ram, Kumar, BellRoad, pheonix, Arizona</td>
<td></td>
<td>7</td>
<td>com.qa.testcases.TC_04_ContactpageDDT@49ff7d8c</td></tr>
<tr>
<td title='com.qa.testcases.TC_04_ContactpageDDT.AddNewContacts()'><b>AddNewContacts</b><br>Test class: com.qa.testcases.TC_04_ContactpageDDT<br>Parameters: kavitha, jijo, bellroad, Charlotte, NC</td>
<td></td>
<td>7</td>
<td>com.qa.testcases.TC_04_ContactpageDDT@49ff7d8c</td></tr>
<tr>
<td title='com.qa.testcases.TC_04_ContactpageDDT.AddNewContacts()'><b>AddNewContacts</b><br>Test class: com.qa.testcases.TC_04_ContactpageDDT<br>Parameters: Manjula, S, Union hills Dr, Glendale, California</td>
<td></td>
<td>6</td>
<td>com.qa.testcases.TC_04_ContactpageDDT@49ff7d8c</td></tr>
<tr>
<td title='com.qa.testcases.TC_05_DealsPage.Dealspage()'><b>Dealspage</b><br>Test class: com.qa.testcases.TC_05_DealsPage</td>
<td></td>
<td>6</td>
<td>com.qa.testcases.TC_05_DealsPage@41e68d87</td></tr>
<tr>
<td title='com.qa.testcases.TC_01_Loginpage.FreeCrmLogin()'><b>FreeCrmLogin</b><br>Test class: com.qa.testcases.TC_01_Loginpage</td>
<td></td>
<td>5</td>
<td>com.qa.testcases.TC_01_Loginpage@2c4d1ac</td></tr>
<tr>
<td title='com.qa.testcases.TC_08_DocumentsPage.NewFolder()'><b>NewFolder</b><br>Test class: com.qa.testcases.TC_08_DocumentsPage</td>
<td></td>
<td>2</td>
<td>com.qa.testcases.TC_08_DocumentsPage@76f4b65</td></tr>
<tr>
<td title='com.qa.testcases.TC_10_FreeCRM.VerifyTooltip()'><b>VerifyTooltip</b><br>Test class: com.qa.testcases.TC_10_FreeCRM</td>
<td></td>
<td>0</td>
<td>com.qa.testcases.TC_10_FreeCRM@7f0d96f2</td></tr>
<tr>
<td title='com.qa.testcases.TC_02_Calendarpage.addNewCalenderInvite()'><b>addNewCalenderInvite</b><br>Test class: com.qa.testcases.TC_02_Calendarpage</td>
<td></td>
<td>8</td>
<td>com.qa.testcases.TC_02_Calendarpage@c94fd30</td></tr>
<tr>
<td title='com.qa.testcases.TC_10_FreeCRM.checkpageTitle()'><b>checkpageTitle</b><br>Test class: com.qa.testcases.TC_10_FreeCRM</td>
<td></td>
<td>0</td>
<td>com.qa.testcases.TC_10_FreeCRM@7f0d96f2</td></tr>
<tr>
<td title='com.qa.testcases.TC_06_CompaniesPage.companies_TabClick()'><b>companies_TabClick</b><br>Test class: com.qa.testcases.TC_06_CompaniesPage</td>
<td></td>
<td>9</td>
<td>com.qa.testcases.TC_06_CompaniesPage@524f3b3a</td></tr>
<tr>
<td title='com.qa.testcases.TC_04_ContactpageDDT.deleteContacts()'><b>deleteContacts</b><br>Test class: com.qa.testcases.TC_04_ContactpageDDT</td>
<td></td>
<td>5</td>
<td>com.qa.testcases.TC_04_ContactpageDDT@49ff7d8c</td></tr>
<tr>
<td title='com.qa.testcases.TC_08_DocumentsPage.documents_Tab()'><b>documents_Tab</b><br>Test class: com.qa.testcases.TC_08_DocumentsPage</td>
<td></td>
<td>6</td>
<td>com.qa.testcases.TC_08_DocumentsPage@76f4b65</td></tr>
<tr>
<td title='com.qa.testcases.TC_04_ContactpageDDT.editContacts()'><b>editContacts</b><br>Test class: com.qa.testcases.TC_04_ContactpageDDT</td>
<td></td>
<td>6</td>
<td>com.qa.testcases.TC_04_ContactpageDDT@49ff7d8c</td></tr>
<tr>
<td title='com.qa.testcases.TC_10_FreeCRM.logoTest()'><b>logoTest</b><br>Test class: com.qa.testcases.TC_10_FreeCRM</td>
<td></td>
<td>0</td>
<td>com.qa.testcases.TC_10_FreeCRM@7f0d96f2</td></tr>
<tr>
<td title='com.qa.testcases.TC_11_FreeCRM2.sendMessage()'><b>sendMessage</b><br>Test class: com.qa.testcases.TC_11_FreeCRM2</td>
<td></td>
<td>3</td>
<td>com.qa.testcases.TC_11_FreeCRM2@36328d33</td></tr>
<tr>
<td title='com.qa.testcases.TC_07_TasksPage.task_Tab()'><b>task_Tab</b><br>Test class: com.qa.testcases.TC_07_TasksPage</td>
<td></td>
<td>5</td>
<td>com.qa.testcases.TC_07_TasksPage@545b995e</td></tr>
<tr>
<td title='com.qa.testcases.TC_10_FreeCRM.verifyBackgroundColor()'><b>verifyBackgroundColor</b><br>Test class: com.qa.testcases.TC_10_FreeCRM</td>
<td></td>
<td>0</td>
<td>com.qa.testcases.TC_10_FreeCRM@7f0d96f2</td></tr>
<tr>
<td title='com.qa.testcases.TC_10_FreeCRM.verifyTextColor()'><b>verifyTextColor</b><br>Test class: com.qa.testcases.TC_10_FreeCRM</td>
<td></td>
<td>0</td>
<td>com.qa.testcases.TC_10_FreeCRM@7f0d96f2</td></tr>
</table><p>
</body>
</html>